1549315688926	mozrunner::runner	INFO	Running command: "C:\\Program Files\\Mozilla Firefox\\firefox.exe" "-marionette" "-foreground" "-no-remote" "-profile" "C:\\Users\\DONALD~1\\AppData\\Local\\Temp\\rust_mozprofile.4OTDyBj0CW2r"
Unable to read VR Path Registry from C:\Users\donaldhansen\AppData\Local\openvr\openvrpaths.vrpath
Unable to read VR Path Registry from C:\Users\donaldhansen\AppData\Local\openvr\openvrpaths.vrpath
Unable to read VR Path Registry from C:\Users\donaldhansen\AppData\Local\openvr\openvrpaths.vrpath
Unable to read VR Path Registry from C:\Users\donaldhansen\AppData\Local\openvr\openvrpaths.vrpath
Unable to read VR Path Registry from C:\Users\donaldhansen\AppData\Local\openvr\openvrpaths.vrpath
1549315691179	Marionette	INFO	Listening on port 58342
1549315691673	Marionette	WARN	TLS certificate errors will be ignored for this session
[Parent 28076, Gecko_IOThread] WARNING: pipe error: 109: file z:/build/build/src/ipc/chromium/src/chrome/common/ipc_channel_win.cc, line 346
[Parent 28076, Gecko_IOThread] WARNING: pipe error: 109: file z:/build/build/src/ipc/chromium/src/chrome/common/ipc_channel_win.cc, line 346
[Child 19236, Chrome_ChildThread] WARNING: pipe error: 109: file z:/build/build/src/ipc/chromium/src/ch[romeChild 19112, Chrome_ChildThread] WARNING: pipe error: 109/common/ipc_channel_win.cc, line 346
: file z:/buil[Childd/build/src/ipc/chromium/src/chrome/common/ipc_channel_win.cc, line 346
[Child 19112, Chrome_Chi[Parent 28076, Gecko_IOThread] WARNING: pipe error: 109: file z:/build/build/src/ipc/chromium/src/chrome/common/ipc_channel_win.cc, line 346
[Child 25284, Chrome_ChildThread] WARNING: pipe error: 109: file z:/build/build/src/ipc/chromium/src/chrome/common/ipc_channel_win.cc, line 346
[Child 25284, Chrome_Chi*** UTM:SVC TimerManager:registerTimer called after profile-before-change notification. Ignoring timer registration for id: telemetry_modules_ping
[GPU 28448, Chrom
###!!! [Child][MessageChannel::SendAndWait] Error: Channel error: cannot send/recv

1549315880720	mozrunner::runner	INFO	Running command: "C:\\Program Files\\Mozilla Firefox\\firefox.exe" "-marionette" "-foreground" "-no-remote" "-profile" "C:\\Users\\DONALD~1\\AppData\\Local\\Temp\\rust_mozprofile.h7r09jeV8ATB"
Unable to read VR Path Registry from C:\Users\donaldhansen\AppData\Local\openvr\openvrpaths.vrpath
Unable to read VR Path Registry from C:\Users\donaldhansen\AppData\Local\openvr\openvrpaths.vrpath
Unable to read VR Path Registry from C:\Users\donaldhansen\AppData\Local\openvr\openvrpaths.vrpath
Unable to read VR Path Registry from C:\Users\donaldhansen\AppData\Local\openvr\openvrpaths.vrpath
Unable to read VR Path Registry from C:\Users\donaldhansen\AppData\Local\openvr\openvrpaths.vrpath
1549315882215	Marionette	INFO	Listening on port 58733
1549315882371	Marionette	WARN	TLS certificate errors will be ignored for this session
[Parent 17224, Gecko_IOThread] WARNING: pipe error: 109: file z:/build/build/src/ipc/chromium/src/chrome/common/ipc_channel_win.cc, line 346
[Child 20176, Chrome_ChildThread] WARNING: pipe error: 109: file z:/build/build/src/ipc/chromium/src/chrome/common/ipc_channel_win.cc, line 346
[Child 20176, CJavaScript error: resource:///modules/ContentMetaHandler.jsm, line 155: NS_ERROR_ILLEGAL_VALUE: Component returned failure code: 0x80070057 (NS_ERROR_ILLEGAL_VALUE) [nsIMessageSender.sendAsyncMessage]
[Parent 17224, Gecko_IOThread] WARNING: pipe error: 109: file z:/build/build/src/ipc/chromium/src/chrome/common/ipc_channel_win.cc, line 346
[C
###!!! [Child][RunMessage] Error: Channel closing: too late to send/recv, messages will be lost

hild 2785
###!!! [Child][RunMessage] Error: Channel closing: too late to send/recv, messages will be lost

2, Chrome
###!!! [Child][RunMessage] Error: Channel closing: too late to send/recv, messages will be lost

_ChildThread] WARNING: pipe error: 109: file z:/build/build/src/ipc/chromium/src/chrome/common/ipc_channel_win.cc, line 346
[Child 27852, Chrome_ChildThread] WARNING: pipe error: 109: file z:/build/build/src/ipc/chromium/src/chrome/common/ipc_channel_win.cc, line 346
[Parent 17224, Gecko_IOThread] WARNING: pipe error: 109: file z:/build/build/src/ipc/chromium/src/chrome/common/ipc_channel_win.cc, line 346
[Child 11004, Chrome_ChildThread] WARNING: pipe error: 109: file z:/build/build/src/ipc/chromium/src/chrome/common/ipc_channel_win.cc, line 346
[Child 11004, [GPU 20264, Chrome_
###!!! [Child][MessageChannel::SendAndWait] Error: Channel error: cannot send/recv

